<?xml version="1.0" encoding="utf-8"?><testsuites name="pytest tests"><testsuite name="pytest" errors="0" failures="1" skipped="0" tests="23" time="3.775" timestamp="2026-03-29T19:38:56.964551+00:00" hostname="agent-env-8936a684-69e4-48da-9b8b-3d5221e39d58"><testcase classname="backend.tests.test_tazakkur_backend.TestQuizEndpoint" name="test_quiz_returns_200" time="0.353" /><testcase classname="backend.tests.test_tazakkur_backend.TestQuizEndpoint" name="test_quiz_response_structure" time="0.160" /><testcase classname="backend.tests.test_tazakkur_backend.TestQuizEndpoint" name="test_quiz_questions_have_options_array" time="0.163" /><testcase classname="backend.tests.test_tazakkur_backend.TestQuizEndpoint" name="test_quiz_correct_option_is_int" time="0.149" /><testcase classname="backend.tests.test_tazakkur_backend.TestQuizEndpoint" name="test_quiz_question_has_required_fields" time="0.151" /><testcase classname="backend.tests.test_tazakkur_backend.TestQuizEndpoint" name="test_quiz_nonexistent_lesson_returns_empty" time="0.145" /><testcase classname="backend.tests.test_tazakkur_backend.TestLeaderboard" name="test_leaderboard_returns_200" time="0.156" /><testcase classname="backend.tests.test_tazakkur_backend.TestLeaderboard" name="test_leaderboard_structure" time="0.190" /><testcase classname="backend.tests.test_tazakkur_backend.TestLeaderboard" name="test_leaderboard_limit_10" time="0.160" /><testcase classname="backend.tests.test_tazakkur_backend.TestLeaderboard" name="test_leaderboard_only_nonzero_zikr" time="0.151" /><testcase classname="backend.tests.test_tazakkur_backend.TestLeaderboard" name="test_leaderboard_entry_fields" time="0.146" /><testcase classname="backend.tests.test_tazakkur_backend.TestLeaderboard" name="test_leaderboard_ordered_desc" time="0.148" /><testcase classname="backend.tests.test_tazakkur_backend.TestAdminLessons" name="test_admin_lessons_returns_200" time="0.152" /><testcase classname="backend.tests.test_tazakkur_backend.TestAdminLessons" name="test_admin_lessons_structure" time="0.147" /><testcase classname="backend.tests.test_tazakkur_backend.TestAdminLessons" name="test_admin_lessons_has_fard_shafi" time="0.149" /><testcase classname="backend.tests.test_tazakkur_backend.TestAdminLessons" name="test_admin_lessons_fields" time="0.144" /><testcase classname="backend.tests.test_tazakkur_backend.TestYoutubeExtraction" name="test_youtube_url_youtu_be" time="0.367" /><testcase classname="backend.tests.test_tazakkur_backend.TestYoutubeExtraction" name="test_youtube_url_watch" time="0.303" /><testcase classname="backend.tests.test_tazakkur_backend.TestYoutubeExtraction" name="test_invalid_youtube_url_returns_400" time="0.002" /><testcase classname="backend.tests.test_tazakkur_backend.TestQuizBatchInsert" name="test_quiz_batch_insert_success" time="0.154" /><testcase classname="backend.tests.test_tazakkur_backend.TestQuizBatchInsert" name="test_quiz_batch_empty_returns_400" time="0.002" /><testcase classname="backend.tests.test_tazakkur_backend.TestQuizBatchInsert" name="test_quiz_batch_stores_correct_option_as_letter" time="0.164"><failure message="assert 500 == 200&#10; +  where 500 = &lt;Response [500]&gt;.status_code">backend/tests/test_tazakkur_backend.py:228: in test_quiz_batch_stores_correct_option_as_letter
    assert insert_resp.status_code == 200
E   assert 500 == 200
E    +  where 500 = &lt;Response [500]&gt;.status_code</failure></testcase><testcase classname="backend.tests.test_tazakkur_backend.TestHealthCheck" name="test_api_root" time="0.002" /></testsuite></testsuites>