<?xml version="1.0" encoding="utf-8"?><testsuites name="pytest tests"><testsuite name="pytest" errors="0" failures="3" skipped="0" tests="16" time="8.426" timestamp="2026-03-29T04:01:22.689835+00:00" hostname="agent-env-e18339b4-4f28-4fbf-9331-68f0e586dc8c"><testcase classname="backend.tests.test_tazakkur_api.TestHealthCheck" name="test_health_check" time="0.279" /><testcase classname="backend.tests.test_tazakkur_api.TestAuth" name="test_login_invalid_credentials" time="0.910" /><testcase classname="backend.tests.test_tazakkur_api.TestAuth" name="test_login_missing_fields" time="0.112" /><testcase classname="backend.tests.test_tazakkur_api.TestAuth" name="test_login_returns_json" time="0.342" /><testcase classname="backend.tests.test_tazakkur_api.TestPrayerTimes" name="test_prayer_times_moscow" time="0.296"><failure message="assert 500 == 200&#10; +  where 500 = &lt;Response [500]&gt;.status_code">backend/tests/test_tazakkur_api.py:54: in test_prayer_times_moscow
    assert response.status_code == 200
E   assert 500 == 200
E    +  where 500 = &lt;Response [500]&gt;.status_code</failure></testcase><testcase classname="backend.tests.test_tazakkur_api.TestPrayerTimes" name="test_prayer_times_returns_json" time="0.325" /><testcase classname="backend.tests.test_tazakkur_api.TestHadith" name="test_hadith_daily" time="0.493" /><testcase classname="backend.tests.test_tazakkur_api.TestStory" name="test_story_daily" time="0.404" /><testcase classname="backend.tests.test_tazakkur_api.TestBenefit" name="test_benefit_daily" time="0.485" /><testcase classname="backend.tests.test_tazakkur_api.TestLessons" name="test_lessons_with_user_id" time="0.422"><failure message="assert 500 in [200, 400, 404]&#10; +  where 500 = &lt;Response [500]&gt;.status_code">backend/tests/test_tazakkur_api.py:99: in test_lessons_with_user_id
    assert response.status_code in [200, 400, 404]
E   assert 500 in [200, 400, 404]
E    +  where 500 = &lt;Response [500]&gt;.status_code</failure></testcase><testcase classname="backend.tests.test_tazakkur_api.TestZikr" name="test_zikr_list" time="0.264"><failure message="assert 500 == 200&#10; +  where 500 = &lt;Response [500]&gt;.status_code">backend/tests/test_tazakkur_api.py:109: in test_zikr_list
    assert response.status_code == 200
E   assert 500 == 200
E    +  where 500 = &lt;Response [500]&gt;.status_code</failure></testcase><testcase classname="backend.tests.test_tazakkur_api.TestQuran" name="test_quran_surahs" time="0.097" /><testcase classname="backend.tests.test_tazakkur_api.TestAdmin" name="test_admin_stats" time="0.622" /><testcase classname="backend.tests.test_tazakkur_api.TestAdmin" name="test_admin_students" time="1.543" /><testcase classname="backend.tests.test_tazakkur_api.TestCORS" name="test_cors_headers_present" time="0.064" /><testcase classname="backend.tests.test_tazakkur_api.TestCORS" name="test_all_endpoints_return_json_not_html" time="1.667" /></testsuite></testsuites>